<?xml version="1.0" encoding="UTF-8"?>
<!-- Generated by org.testng.reporters.JUnitReportReporter -->
<testsuite hostname="LAPTOP-RO5NS03S" name="com.test.sampleProject.AppTest" tests="1" failures="0" timestamp="3 Sep 2017 19:35:23 GMT" time="0.009" errors="0">
  <testcase name="testApp" time="0.009" classname="com.test.sampleProject.AppTest"/>
</testsuite> <!-- com.test.sampleProject.AppTest -->
