<?xml version="1.0" encoding="UTF-8"?>
<!-- Generated by org.testng.reporters.JUnitReportReporter -->
<testsuite hostname="LAPTOP-RO5NS03S" name="TestersGroupID.TestNGArtifactID.GroupingOnTestNG" tests="3" failures="0" timestamp="6 May 2017 15:19:13 GMT" time="0.012" errors="0">
  <testcase name="Car2" time="0.003" classname="TestersGroupID.TestNGArtifactID.GroupingOnTestNG"/>
  <testcase name="Sedan1" time="0.002" classname="TestersGroupID.TestNGArtifactID.GroupingOnTestNG"/>
  <testcase name="Car1" time="0.007" classname="TestersGroupID.TestNGArtifactID.GroupingOnTestNG"/>
</testsuite> <!-- TestersGroupID.TestNGArtifactID.GroupingOnTestNG -->
