<?xml version="1.0" encoding="UTF-8"?>
<!-- Generated by org.testng.reporters.JUnitReportReporter -->
<testsuite hostname="LAPTOP-RO5NS03S" name="grouping.TestGroup" tests="2" failures="0" timestamp="11 Jul 2017 06:15:32 GMT" time="0.004" errors="0">
  <testcase name="testConnectOracle" time="0.002" classname="grouping.TestGroup"/>
  <testcase name="testConnectMsSQL" time="0.002" classname="grouping.TestGroup"/>
</testsuite> <!-- grouping.TestGroup -->
