<?xml version="1.0" encoding="UTF-8"?>
<!-- Generated by org.testng.reporters.JUnitReportReporter -->
<testsuite hostname="LAPTOP-RO5NS03S" name="TestersGroupID.TestNGArtifactID.LoginTest" tests="7" failures="0" timestamp="15 Sep 2017 14:57:28 GMT" time="0.032" errors="0">
  <testcase name="loginTestWithCorrectCredencials" time="0.008" classname="TestersGroupID.TestNGArtifactID.LoginTest"/>
  <testcase name="loginTestWithCorrectCredencials" time="0.003" classname="TestersGroupID.TestNGArtifactID.LoginTest"/>
  <testcase name="loginTestWithCorrectCredencials" time="0.004" classname="TestersGroupID.TestNGArtifactID.LoginTest"/>
  <testcase name="loginTestWithWrongCredencials" time="0.004" classname="TestersGroupID.TestNGArtifactID.LoginTest"/>
  <testcase name="loginTestWithCorrectCredencials" time="0.006" classname="TestersGroupID.TestNGArtifactID.LoginTest"/>
  <testcase name="loginTestWithWrongCredencials" time="0.005" classname="TestersGroupID.TestNGArtifactID.LoginTest"/>
  <testcase name="loginTestWithWrongCredencials" time="0.002" classname="TestersGroupID.TestNGArtifactID.LoginTest"/>
</testsuite> <!-- TestersGroupID.TestNGArtifactID.LoginTest -->
