<?xml version="1.0" encoding="UTF-8"?>
<!-- Generated by org.testng.reporters.JUnitReportReporter -->
<testsuite hostname="LAPTOP-RO5NS03S" name="testNG.RegistrationToBackendIntegerationTestUsingTestNG" tests="1" failures="0" timestamp="15 Sep 2017 14:57:28 GMT" time="1.340" errors="0">
  <testcase name="chekcRegistrationPageIsWorkingWithBackend" time="1.340" classname="testNG.RegistrationToBackendIntegerationTestUsingTestNG"/>
</testsuite> <!-- testNG.RegistrationToBackendIntegerationTestUsingTestNG -->
