<?xml version="1.0" encoding="UTF-8"?>
<!-- Generated by org.testng.reporters.JUnitReportReporter -->
<testsuite hostname="LAPTOP-RO5NS03S" name="testNG.RegistrationToBackendIntegerationTestUsingTestNG" tests="1" failures="0" timestamp="22 Aug 2017 19:24:46 GMT" time="1.093" errors="0">
  <testcase name="chekcRegistrationPageIsWorkingWithBackend" time="1.093" classname="testNG.RegistrationToBackendIntegerationTestUsingTestNG"/>
</testsuite> <!-- testNG.RegistrationToBackendIntegerationTestUsingTestNG -->
