<?xml version="1.0" encoding="UTF-8"?>
<!-- Generated by org.testng.reporters.JUnitReportReporter -->
<testsuite hostname="LAPTOP-RO5NS03S" name="testNG.loginlogout" tests="2" failures="0" timestamp="20 Aug 2017 17:59:48 GMT" time="4.386" errors="0">
  <testcase name="testIncorrectData" time="1.419" classname="testNG.loginlogout"/>
  <testcase name="testCorrectData" time="2.967" classname="testNG.loginlogout"/>
</testsuite> <!-- testNG.loginlogout -->
