<?xml version="1.0" encoding="UTF-8"?>
<!-- Generated by org.testng.reporters.JUnitReportReporter -->
<testsuite hostname="LAPTOP-RO5NS03S" name="grouping.TestSelenium" tests="3" failures="0" timestamp="7 May 2017 15:06:03 GMT" time="0.004" errors="0">
  <testcase name="runSelenium2" time="0.001" classname="grouping.TestSelenium"/>
  <testcase name="runSelenium1" time="0.001" classname="grouping.TestSelenium"/>
  <testcase name="runSelenium" time="0.002" classname="grouping.TestSelenium"/>
</testsuite> <!-- grouping.TestSelenium -->
