<?xml version="1.0" encoding="UTF-8"?>
<!-- Generated by org.testng.reporters.JUnitReportReporter -->
<testsuite hostname="LAPTOP-RO5NS03S" name="grouping.TestGroup" tests="2" failures="0" timestamp="15 Sep 2017 14:57:28 GMT" time="0.001" errors="0">
  <testcase name="testConnectOracle" time="0.000" classname="grouping.TestGroup"/>
  <testcase name="testConnectMsSQL" time="0.001" classname="grouping.TestGroup"/>
</testsuite> <!-- grouping.TestGroup -->
