<?xml version="1.0" encoding="UTF-8"?>
<!-- Generated by org.testng.reporters.JUnitReportReporter -->
<testsuite hostname="LAPTOP-RO5NS03S" name="MiniCalculatorTDDGroupID.MiniCalculatorTDDArtifactID.MiniCalculator" tests="5" failures="1" timestamp="16 Mar 2017 01:01:32 GMT" time="0.016" errors="0">
  <testcase name="addition" time="0.006" classname="MiniCalculatorTDDGroupID.MiniCalculatorTDDArtifactID.MiniCalculator"/>
  <testcase name="divByZero" time="0.002" classname="MiniCalculatorTDDGroupID.MiniCalculatorTDDArtifactID.MiniCalculator"/>
  <testcase name="sub" time="0.003" classname="MiniCalculatorTDDGroupID.MiniCalculatorTDDArtifactID.MiniCalculator">
    <failure type="java.lang.Error" message="Unresolved compilation problem: 
	Syntax error, insert &quot;;&quot; to complete ReturnStatement
">
      <![CDATA[java.lang.Error: Unresolved compilation problem: 
	Syntax error, insert ";" to complete ReturnStatement

	at MiniCalculatorTDDGroupID.MiniCalculatorTDDArtifactID.Calculator.subtruction(Calculator.java:14)
	at MiniCalculatorTDDGroupID.MiniCalculatorTDDArtifactID.MiniCalculator.sub(MiniCalculator.java:31)
	at sun.reflect.NativeMethodAccessorImpl.invoke0(Native Method)
	at sun.reflect.NativeMethodAccessorImpl.invoke(Unknown Source)
	at sun.reflect.DelegatingMethodAccessorImpl.invoke(Unknown Source)
	at java.lang.reflect.Method.invoke(Unknown Source)
	at org.testng.internal.MethodInvocationHelper.invokeMethod(MethodInvocationHelper.java:80)
	at org.testng.internal.Invoker.invokeMethod(Invoker.java:714)
	at org.testng.internal.Invoker.invokeTestMethod(Invoker.java:901)
	at org.testng.internal.Invoker.invokeTestMethods(Invoker.java:1231)
	at org.testng.internal.TestMethodWorker.invokeTestMethods(TestMethodWorker.java:127)
	at org.testng.internal.TestMethodWorker.run(TestMethodWorker.java:111)
	at org.testng.TestRunner.privateRun(TestRunner.java:767)
	at org.testng.TestRunner.run(TestRunner.java:617)
	at org.testng.SuiteRunner.runTest(SuiteRunner.java:334)
	at org.testng.SuiteRunner.runSequentially(SuiteRunner.java:329)
	at org.testng.SuiteRunner.privateRun(SuiteRunner.java:291)
	at org.testng.SuiteRunner.run(SuiteRunner.java:240)
	at org.testng.SuiteRunnerWorker.runSuite(SuiteRunnerWorker.java:52)
	at org.testng.SuiteRunnerWorker.run(SuiteRunnerWorker.java:86)
	at org.testng.TestNG.runSuitesSequentially(TestNG.java:1198)
	at org.testng.TestNG.runSuitesLocally(TestNG.java:1123)
	at org.testng.TestNG.run(TestNG.java:1031)
	at org.testng.remote.AbstractRemoteTestNG.run(AbstractRemoteTestNG.java:132)
	at org.testng.remote.RemoteTestNG.initAndRun(RemoteTestNG.java:236)
	at org.testng.remote.RemoteTestNG.main(RemoteTestNG.java:81)
]]>
    </failure>
  </testcase> <!-- sub -->
  <testcase name="mul" time="0.003" classname="MiniCalculatorTDDGroupID.MiniCalculatorTDDArtifactID.MiniCalculator"/>
  <testcase name="div" time="0.002" classname="MiniCalculatorTDDGroupID.MiniCalculatorTDDArtifactID.MiniCalculator"/>
</testsuite> <!-- MiniCalculatorTDDGroupID.MiniCalculatorTDDArtifactID.MiniCalculator -->
